<?xml version="1.0" encoding="UTF-8"?>
<!-- Generated by org.testng.reporters.JUnitXMLReporter -->
<testsuite hostname="INENLAKSHHL3C" ignored="0" name="Default test(failed)" tests="3" failures="0" timestamp="2019-09-11T11:36:23 IST" time="0.085" errors="0">
  <testcase name="testPrime" time="0.008" classname="testNG.PrimeNumberDataProvider"/>
  <testcase name="testPrime" time="0.002" classname="testNG.PrimeNumberDataProvider"/>
  <testcase name="testPrime" time="0.001" classname="testNG.PrimeNumberDataProvider"/>
</testsuite> <!-- Default test(failed) -->
