<?xml version="1.0" encoding="UTF-8"?>
<testng-results skipped="0" failed="0" ignored="0" total="2" passed="2">
  <reporter-output>
  </reporter-output>
  <suite name="Default suite" duration-ms="47" started-at="2019-10-04T12:18:33 IST" finished-at="2019-10-04T12:18:33 IST">
    <groups>
    </groups>
    <test name="Default test" duration-ms="47" started-at="2019-10-04T12:18:33 IST" finished-at="2019-10-04T12:18:33 IST">
      <class name="testNG.TestNGAnnotations">
        <test-method status="PASS" signature="beforesuite()[pri:0, instance:testNG.TestNGAnnotations@3a5ed7a6]" name="beforesuite" is-config="true" duration-ms="13" started-at="2019-10-04T12:18:33 IST" finished-at="2019-10-04T12:18:33 IST">
          <reporter-output>
          </reporter-output>
        </test-method> <!-- beforesuite -->
        <test-method status="PASS" signature="beforetest()[pri:0, instance:testNG.TestNGAnnotations@3a5ed7a6]" name="beforetest" is-config="true" duration-ms="0" started-at="2019-10-04T12:18:33 IST" finished-at="2019-10-04T12:18:33 IST">
          <reporter-output>
          </reporter-output>
        </test-method> <!-- beforetest -->
        <test-method status="PASS" signature="beforeclass()[pri:0, instance:testNG.TestNGAnnotations@3a5ed7a6]" name="beforeclass" is-config="true" duration-ms="0" started-at="2019-10-04T12:18:33 IST" finished-at="2019-10-04T12:18:33 IST">
          <reporter-output>
          </reporter-output>
        </test-method> <!-- beforeclass -->
        <test-method status="PASS" signature="beforemethod()[pri:0, instance:testNG.TestNGAnnotations@3a5ed7a6]" name="beforemethod" is-config="true" duration-ms="0" started-at="2019-10-04T12:18:33 IST" finished-at="2019-10-04T12:18:33 IST">
          <reporter-output>
          </reporter-output>
        </test-method> <!-- beforemethod -->
        <test-method status="PASS" signature="testcase1()[pri:0, instance:testNG.TestNGAnnotations@3a5ed7a6]" name="testcase1" duration-ms="7" started-at="2019-10-04T12:18:33 IST" finished-at="2019-10-04T12:18:33 IST">
          <reporter-output>
          </reporter-output>
        </test-method> <!-- testcase1 -->
        <test-method status="PASS" signature="aftermethod()[pri:0, instance:testNG.TestNGAnnotations@3a5ed7a6]" name="aftermethod" is-config="true" duration-ms="0" started-at="2019-10-04T12:18:33 IST" finished-at="2019-10-04T12:18:33 IST">
          <reporter-output>
          </reporter-output>
        </test-method> <!-- aftermethod -->
        <test-method status="PASS" signature="beforemethod()[pri:0, instance:testNG.TestNGAnnotations@3a5ed7a6]" name="beforemethod" is-config="true" duration-ms="0" started-at="2019-10-04T12:18:33 IST" finished-at="2019-10-04T12:18:33 IST">
          <reporter-output>
          </reporter-output>
        </test-method> <!-- beforemethod -->
        <test-method status="PASS" signature="testcase2()[pri:0, instance:testNG.TestNGAnnotations@3a5ed7a6]" name="testcase2" duration-ms="2" started-at="2019-10-04T12:18:33 IST" finished-at="2019-10-04T12:18:33 IST">
          <reporter-output>
          </reporter-output>
        </test-method> <!-- testcase2 -->
        <test-method status="PASS" signature="aftermethod()[pri:0, instance:testNG.TestNGAnnotations@3a5ed7a6]" name="aftermethod" is-config="true" duration-ms="0" started-at="2019-10-04T12:18:33 IST" finished-at="2019-10-04T12:18:33 IST">
          <reporter-output>
          </reporter-output>
        </test-method> <!-- aftermethod -->
        <test-method status="PASS" signature="afterclass()[pri:0, instance:testNG.TestNGAnnotations@3a5ed7a6]" name="afterclass" is-config="true" duration-ms="0" started-at="2019-10-04T12:18:33 IST" finished-at="2019-10-04T12:18:33 IST">
          <reporter-output>
          </reporter-output>
        </test-method> <!-- afterclass -->
        <test-method status="PASS" signature="aftertest()[pri:0, instance:testNG.TestNGAnnotations@3a5ed7a6]" name="aftertest" is-config="true" duration-ms="0" started-at="2019-10-04T12:18:33 IST" finished-at="2019-10-04T12:18:33 IST">
          <reporter-output>
          </reporter-output>
        </test-method> <!-- aftertest -->
        <test-method status="PASS" signature="aftersuite()[pri:0, instance:testNG.TestNGAnnotations@3a5ed7a6]" name="aftersuite" is-config="true" duration-ms="0" started-at="2019-10-04T12:18:33 IST" finished-at="2019-10-04T12:18:33 IST">
          <reporter-output>
          </reporter-output>
        </test-method> <!-- aftersuite -->
      </class> <!-- testNG.TestNGAnnotations -->
    </test> <!-- Default test -->
  </suite> <!-- Default suite -->
</testng-results>
