<?xml version="1.0" encoding="UTF-8"?>
<!-- Generated by org.testng.reporters.JUnitXMLReporter -->
<testsuite hostname="INENLAKSHHL3C" ignored="1" name="Test2" tests="2" failures="0" timestamp="2019-09-09T09:44:13 IST" time="0.065" errors="0">
  <testcase name="runFunctionalTest" time="0.014" classname="testNG.Grouptest"/>
  <testcase name="runPerformancetest" time="0.002" classname="testNG.Grouptest"/>
  <testcase name="runSmoke" time="0.0" classname="testNG.Grouptest">
    <ignored/>
  </testcase> <!-- runSmoke -->
</testsuite> <!-- Test2 -->
